<?xml version="1.0" encoding="UTF-8"?>
<!-- Generated by org.testng.reporters.JUnitReportReporter -->
<testsuite skipped="0" hostname="Hp-PC" name="com.qtpselenium.facebook.pom.testcases.ChangePasswordTest" tests="1" failures="0" timestamp="09 Sep 2018 18:46:06 GMT" time="21.679" errors="0">
  <testcase name="changePasswordTest" time="21.679" classname="com.qtpselenium.facebook.pom.testcases.ChangePasswordTest"/>
</testsuite> <!-- com.qtpselenium.facebook.pom.testcases.ChangePasswordTest -->
